
> nativeforge@0.1.0 build /Users/dhephersonribeiro/Documents/study/pasta/nativeforge/packages/cli
> tsup

CLI Building entry: src/index.ts
CLI Using tsconfig: tsconfig.json
CLI tsup v8.5.1
CLI Using tsup config: /Users/dhephersonribeiro/Documents/study/pasta/nativeforge/packages/cli/tsup.config.ts
CLI Target: es2022
CLI Cleaning output folder
CJS Build start
ESM Build start
CJS dist/index.cjs     9.35 KB
CJS dist/index.cjs.map 13.91 KB
CJS ⚡️ Build success in 9ms
ESM dist/index.js     7.55 KB
ESM dist/index.js.map 13.93 KB
ESM ⚡️ Build success in 10ms
DTS Build start
DTS ⚡️ Build success in 722ms
DTS dist/index.d.cts 20.00 B
DTS dist/index.d.ts  20.00 B
